-------------------------------------------------------------------------------
Test set: com.tests.LoginTest
-------------------------------------------------------------------------------
Tests run: 2, Failures: 1, Errors: 0, Skipped: 0, Time elapsed: 16.747 sec <<< FAILURE!
freemCRMLogoTest(com.tests.LoginTest)  Time elapsed: 0.635 sec  <<< FAILURE!
java.lang.AssertionError: expected [true] but found [false]
	at org.testng.Assert.fail(Assert.java:93)
	at org.testng.Assert.failNotEquals(Assert.java:512)
	at org.testng.Assert.assertTrue(Assert.java:41)
	at org.testng.Assert.assertTrue(Assert.java:51)
	at com.tests.LoginTest.freemCRMLogoTest(LoginTest.java:71)

